
Model name:  'PILOT' - run #1    
Objective:   Minimize(ENDCAP)
 
SUBMITTED
Model size:     1441 constraints,    3652 variables,        43167 non-zeros.
Sets:                                   0 GUB,                  0 SOS.
 
presolve_columns: Eliminated variable CEDUC01 fixed at 150
presolve_columns: Eliminated variable CSERV01 fixed at 256
presolve_columns: Eliminated variable CHLTH01 fixed at 452
presolve_columns: Eliminated variable CEDUC02 fixed at 157
presolve_columns: Eliminated variable CSERV02 fixed at 297
presolve_columns: Eliminated variable CHLTH02 fixed at 525
presolve_columns: Eliminated variable CEDUC03 fixed at 169
presolve_columns: Eliminated variable CSERV03 fixed at 328
presolve_columns: Eliminated variable CHLTH03 fixed at 595
presolve_columns: Eliminated variable CEDUC04 fixed at 182
presolve_columns: Eliminated variable CSERV04 fixed at 363
presolve_columns: Eliminated variable CHLTH04 fixed at 658
presolve_columns: Eliminated variable CEDUC05 fixed at 197
presolve_columns: Eliminated variable CSERV05 fixed at 401
presolve_columns: Eliminated variable CHLTH05 fixed at 727
presolve_columns: Eliminated variable CEDUC06 fixed at 212
presolve_columns: Eliminated variable CSERV06 fixed at 443
presolve_columns: Eliminated variable CHLTH06 fixed at 803
presolve_columns: Eliminated variable CEDUC07 fixed at 228
presolve_columns: Eliminated variable CSERV07 fixed at 490
presolve_columns: Eliminated variable CHLTH07 fixed at 888
presolve_columns: Eliminated variable CEDUC08 fixed at 246
presolve_columns: Eliminated variable CSERV08 fixed at 541
presolve_columns: Eliminated variable CHLTH08 fixed at 981
presolve_columns: Eliminated variable CEDUC09 fixed at 265
presolve_columns: Eliminated variable CSERV09 fixed at 598
presolve_columns: Eliminated variable CHLTH09 fixed at 1084
presolve_columns: Eliminated variable E1AGR01 fixed at 14.275
presolve_columns: Eliminated variable E1MNG01 fixed at 0.968
presolve_columns: Eliminated variable E1FTT01 fixed at 8.083
presolve_columns: Eliminated variable E1PPR01 fixed at 2.488
presolve_columns: Eliminated variable E1CPR01 fixed at 10.506
presolve_columns: Eliminated variable E1SCG01 fixed at 0.891
presolve_columns: Eliminated variable E1ENM01 fixed at 3.408
presolve_columns: Eliminated variable E1STL01 fixed at 1.736
presolve_columns: Eliminated variable E1NFM01 fixed at 1.293
presolve_columns: Eliminated variable E1MAC01 fixed at 19.363
presolve_columns: Eliminated variable E1TRE01 fixed at 15.209
presolve_columns: Eliminated variable E1ASM01 fixed at 16.453
presolve_columns: Eliminated variable E1TAW01 fixed at 11.314
presolve_columns: Eliminated variable E1TRD01 fixed at 16.397
presolve_columns: Eliminated variable IAGR01 fixed at 3.516
presolve_columns: Eliminated variable IMNG01 fixed at 2.294
presolve_columns: Eliminated variable IFTT01 fixed at 10.107
presolve_columns: Eliminated variable IPPR01 fixed at 3.43
presolve_columns: Eliminated variable ICPR01 fixed at 5.877
presolve_columns: Eliminated variable ISCG01 fixed at 1.376
presolve_columns: Eliminated variable IENM01 fixed at 11.13
presolve_columns: Eliminated variable ISTL01 fixed at 5.103
presolve_columns: Eliminated variable INFM01 fixed at 3.577
presolve_columns: Eliminated variable IMAC01 fixed at 6.459
presolve_columns: Eliminated variable ITRE01 fixed at 18.216
presolve_columns: Eliminated variable IASM01 fixed at 16.721
presolve_columns: Eliminated variable ITAW01 fixed at 2.613
presolve_columns: Eliminated variable NRSH02 fixed at 46
presolve_columns: Eliminated variable PER101 fixed at 0
presolve_columns: Eliminated variable PER201 fixed at 0
presolve_columns: Eliminated variable PHP101 fixed at 0
presolve_columns: Eliminated variable PSE001 fixed at 0
presolve_columns: Eliminated variable PSE101 fixed at 0
presolve_columns: Eliminated variable PSE201 fixed at 0
presolve_columns: Eliminated variable PFG101 fixed at 0
presolve_columns: Eliminated variable PFG201 fixed at 0
presolve_columns: Eliminated variable PSG001 fixed at 0
presolve_columns: Eliminated variable PSG101 fixed at 0
presolve_columns: Eliminated variable PSG201 fixed at 0
presolve_columns: Eliminated variable PFO101 fixed at 0
presolve_columns: Eliminated variable PFO201 fixed at 0
presolve_columns: Eliminated variable PEW101 fixed at 0
presolve_columns: Eliminated variable PEW201 fixed at 0
presolve_columns: Eliminated variable PEW301 fixed at 0
presolve_columns: Eliminated variable PGW101 fixed at 0
presolve_columns: Eliminated variable PGW201 fixed at 0
presolve_columns: Eliminated variable PGW301 fixed at 0
presolve_columns: Eliminated variable PSW001 fixed at 0
presolve_columns: Eliminated variable PSW101 fixed at 0
presolve_columns: Eliminated variable PSW201 fixed at 0
presolve_columns: Eliminated variable PAC101 fixed at 0
presolve_columns: Eliminated variable PAC201 fixed at 0
presolve_columns: Eliminated variable PAC301 fixed at 0
presolve_columns: Eliminated variable CLS101 fixed at 0
presolve_columns: Eliminated variable CLS201 fixed at 0
presolve_columns: Eliminated variable CLS301 fixed at 0
presolve_columns: Eliminated variable CLS401 fixed at 0
presolve_columns: Eliminated variable CLS501 fixed at 0
presolve_columns: Eliminated variable CLS601 fixed at 0
presolve_columns: Eliminated variable CLS701 fixed at 0
presolve_columns: Eliminated variable CLS801 fixed at 0
presolve_columns: Eliminated variable UER001 fixed at 0
presolve_columns: Eliminated variable UFG001 fixed at 0
presolve_columns: Eliminated variable UFO001 fixed at 0
presolve_columns: Eliminated variable IDCHPN fixed at 0
presolve_columns: Eliminated variable E1COL01 fixed at 1.58733
presolve_columns: Eliminated variable E1ROP01 fixed at 0.456057
presolve_columns: Eliminated variable E2COL01 fixed at 0
presolve_columns: Eliminated variable E2ROP01 fixed at 0
presolve_columns: Eliminated variable ICOL01 fixed at 0
presolve_columns: Eliminated variable NLWU02 fixed at 13.6
presolve_columns: Eliminated variable NLWP02 fixed at 0
presolve_columns: Eliminated variable NFBR02 fixed at 0
presolve_columns: Eliminated variable NCST02 fixed at 66.8
presolve_columns: Eliminated variable NOST02 fixed at 0
presolve_columns: Eliminated variable NGST02 fixed at 6.7
presolve_columns: Eliminated variable NOCT02 fixed at 0
presolve_columns: Eliminated variable NGCT02 fixed at 3.1
presolve_columns: Eliminated variable NCGC02 fixed at 0
presolve_columns: Eliminated variable NHYD02 fixed at 8.6
presolve_columns: Eliminated variable NPST02 fixed at 3.1
presolve_columns: Eliminated variable NGEO02 fixed at 0.4
presolve_columns: Eliminated variable NWND02 fixed at 0
presolve_columns: Eliminated variable NSLA02 fixed at 0
presolve_columns: Eliminated variable NSLB02 fixed at 0
presolve_columns: Eliminated variable NSLC02 fixed at 0
presolve_columns: Eliminated variable NETD02 fixed at 0.2
presolve_columns: Eliminated variable NREF02 fixed at 1.2
presolve_columns: Eliminated variable NOSE02 fixed at 0
presolve_columns: Eliminated variable NCLQ02 fixed at 0
presolve_columns: Eliminated variable NCGH02 fixed at 0
presolve_columns: Eliminated variable NNGP02 fixed at 3.1
presolve_columns: Eliminated variable NGTD02 fixed at 0
presolve_columns: Eliminated variable ICOL02 fixed at 0
presolve_columns: Eliminated variable ICRO02 fixed at 0
presolve_columns: Eliminated variable NLWP03 fixed at 0
presolve_columns: Eliminated variable NFBR03 fixed at 0
presolve_columns: Eliminated variable NCGC03 fixed at 0
presolve_columns: Eliminated variable NSLA03 fixed at 0
presolve_columns: Eliminated variable NSLB03 fixed at 0
presolve_columns: Eliminated variable NSLC03 fixed at 0
presolve_columns: Eliminated variable NOSE03 fixed at 0
presolve_columns: Eliminated variable NCLQ03 fixed at 0
presolve_columns: Eliminated variable NCGH03 fixed at 0
presolve_columns: Eliminated variable ICOL03 fixed at 0
presolve_columns: Eliminated variable ICRO03 fixed at 0
presolve_columns: Eliminated variable NLWP04 fixed at 0
presolve_columns: Eliminated variable NFBR04 fixed at 0
presolve_columns: Eliminated variable NCGC04 fixed at 0
presolve_columns: Eliminated variable NSLB04 fixed at 0
presolve_columns: Eliminated variable NSLC04 fixed at 0
presolve_columns: Eliminated variable NCLQ04 fixed at 0
presolve_columns: Eliminated variable NCGH04 fixed at 0
presolve_columns: Eliminated variable ICOL04 fixed at 0
presolve_columns: Eliminated variable ICRO04 fixed at 0
presolve_columns: Eliminated variable NLWP05 fixed at 0
presolve_columns: Eliminated variable NFBR05 fixed at 0
presolve_columns: Eliminated variable NSLB05 fixed at 0
presolve_columns: Eliminated variable NSLC05 fixed at 0
presolve_columns: Eliminated variable UOCT05 fixed at 0
presolve_columns: Eliminated variable UGCT05 fixed at 0
presolve_columns: Eliminated variable ICOL05 fixed at 0
presolve_columns: Eliminated variable ICRO05 fixed at 0
presolve_columns: Eliminated variable NSLB06 fixed at 0
presolve_columns: Eliminated variable NSLC06 fixed at 0
presolve_columns: Eliminated variable UOCT06 fixed at 0
presolve_columns: Eliminated variable UGCT06 fixed at 0
presolve_columns: Eliminated variable UREF06 fixed at 0
presolve_columns: Eliminated variable UNGP06 fixed at 0
presolve_columns: Eliminated variable ICOL06 fixed at 0
presolve_columns: Eliminated variable ICRO06 fixed at 0
presolve_columns: Eliminated variable NSLB07 fixed at 0
presolve_columns: Eliminated variable NSLC07 fixed at 0
presolve_columns: Eliminated variable ULWU07 fixed at 0
presolve_columns: Eliminated variable UCST07 fixed at 0
presolve_columns: Eliminated variable UOST07 fixed at 0
presolve_columns: Eliminated variable UGST07 fixed at 0
presolve_columns: Eliminated variable UOCT07 fixed at 0
presolve_columns: Eliminated variable UGCT07 fixed at 0
presolve_columns: Eliminated variable UGEO07 fixed at 0
presolve_columns: Eliminated variable UREF07 fixed at 0
presolve_columns: Eliminated variable UNGP07 fixed at 0
presolve_columns: Eliminated variable ICOL07 fixed at 0
presolve_columns: Eliminated variable ICRO07 fixed at 0
presolve_columns: Eliminated variable NSLB08 fixed at 0
presolve_columns: Eliminated variable NSLC08 fixed at 0
presolve_columns: Eliminated variable ULWU08 fixed at 0
presolve_columns: Eliminated variable UCST08 fixed at 0
presolve_columns: Eliminated variable UOST08 fixed at 0
presolve_columns: Eliminated variable UGST08 fixed at 0
presolve_columns: Eliminated variable UOCT08 fixed at 0
presolve_columns: Eliminated variable UGCT08 fixed at 0
presolve_columns: Eliminated variable UGEO08 fixed at 0
presolve_columns: Eliminated variable UREF08 fixed at 0
presolve_columns: Eliminated variable UNGP08 fixed at 0
presolve_columns: Eliminated variable ICOL08 fixed at 0
presolve_columns: Eliminated variable ICRO08 fixed at 0
presolve_columns: Eliminated variable ULWU09 fixed at 0
presolve_columns: Eliminated variable UCST09 fixed at 0
presolve_columns: Eliminated variable UOST09 fixed at 0
presolve_columns: Eliminated variable UGST09 fixed at 0
presolve_columns: Eliminated variable UOCT09 fixed at 0
presolve_columns: Eliminated variable UGCT09 fixed at 0
presolve_columns: Eliminated variable UGEO09 fixed at 0
presolve_columns: Eliminated variable UREF09 fixed at 0
presolve_columns: Eliminated variable UNGP09 fixed at 0
presolve_columns: Eliminated variable ICOL09 fixed at 0
presolve_columns: Eliminated variable ICRO09 fixed at 0
presolve_columns: Eliminated variable PEC201 fixed at 0
presolve_columns: Eliminated variable PEC301 fixed at 0
presolve_columns: Eliminated variable PEC401 fixed at 0
presolve_columns: Eliminated variable PWC201 fixed at 0
presolve_columns: Eliminated variable PWC301 fixed at 0
presolve_columns: Eliminated variable PWC401 fixed at 0
presolve_columns: Eliminated variable PEOR01 fixed at 0
PRESOLVE             Elimination loops performed.........  O2:M2:I11
                 271 empty or fixed variables............  REMOVED.
                  50 empty or redundant constraints......  REMOVED.
                   4 bounds..............................  TIGHTENED.
        :          4 variables' final bounds.............  RELAXED.
                     OF range [ -Inf > Z >     -413.511 ]
 
REDUCED
Model size:     1391 constraints,    3383 variables,        40800 non-zeros.
Sets:   